<?xml version="1.0" encoding="utf-8"?><testsuites name="pytest tests"><testsuite name="pytest" errors="0" failures="0" skipped="0" tests="3" time="3.139" timestamp="2026-08-11T02:41:19.397883+00:00" hostname="agent-env-2067b3b4-4c14-4c36-8860-f2f155f02a5a"><testcase classname="tests.test_backend.TestPostUpdateAndEarnings" name="test_full_flow_post_update_and_earnings" time="1.592" /><testcase classname="tests.test_backend.TestPostUpdateAndEarnings" name="test_post_update_denied_if_not_owner" time="0.740" /><testcase classname="tests.test_backend.TestPostUpdateAndEarnings" name="test_earnings_requires_pharmacy" time="0.108" /></testsuite></testsuites>