<?xml version="1.0" encoding="utf-8"?><testsuites name="pytest tests"><testsuite name="pytest" errors="0" failures="0" skipped="0" tests="18" time="10.508" timestamp="2026-08-11T03:34:14.637037+00:00" hostname="agent-env-2067b3b4-4c14-4c36-8860-f2f155f02a5a"><testcase classname="tests.test_backend.TestAuth" name="test_login_demo_patient" time="0.419" /><testcase classname="tests.test_backend.TestAuth" name="test_login_demo_pharmacy" time="0.505" /><testcase classname="tests.test_backend.TestRequestLifecycle" name="test_preview_match_low_count_returns_suggestion" time="2.600" /><testcase classname="tests.test_backend.TestAuth" name="test_login_invalid" time="0.365" /><testcase classname="tests.test_backend.TestAuth" name="test_register_and_me" time="0.460" /><testcase classname="tests.test_backend.TestAuthGuards" name="test_queue_requires_pharmacy" time="0.497" /><testcase classname="tests.test_backend.TestAuthGuards" name="test_create_request_requires_patient" time="0.444" /><testcase classname="tests.test_backend.TestRequestLifecycle" name="test_create_request_and_mine" time="2.034" /><testcase classname="tests.test_backend.TestAuthGuards" name="test_no_token" time="0.131" /><testcase classname="tests.test_backend.TestPostUpdateAndEarnings" name="test_full_flow_post_update_and_earnings" time="2.155" /><testcase classname="tests.test_backend.TestRequestLifecycle" name="test_queue_blind_view_hides_patient_identity" time="0.666" /><testcase classname="tests.test_backend.TestPostUpdateAndEarnings" name="test_post_update_denied_if_not_owner" time="1.789" /><testcase classname="tests.test_backend.TestRequestLifecycle" name="test_queue_watchlist_only_filter" time="0.129" /><testcase classname="tests.test_backend.TestRequestLifecycle" name="test_queue_schedule_filter" time="0.096" /><testcase classname="tests.test_backend.TestRequestLifecycle" name="test_clarify_reject_refinement_and_accept_flow" time="4.290" /><testcase classname="tests.test_backend.TestPostUpdateAndEarnings" name="test_earnings_requires_pharmacy" time="0.094" /><testcase classname="tests.test_backend.TestChat" name="test_chat_identifies_medication" time="1.791" /><testcase classname="tests.test_backend.TestWatchlist" name="test_update_watchlist" time="0.200" /></testsuite></testsuites>