<?xml version="1.0" encoding="utf-8"?><testsuites name="pytest tests"><testsuite name="pytest" errors="0" failures="0" skipped="0" tests="25" time="19.666" timestamp="2026-08-18T00:30:28.535487+00:00" hostname="agent-env-2067b3b4-4c14-4c36-8860-f2f155f02a5a"><testcase classname="tests.test_backend.TestAuth" name="test_login_demo_patient" time="0.497" /><testcase classname="tests.test_backend.TestAuth" name="test_login_demo_pharmacy" time="0.524" /><testcase classname="tests.test_backend.TestRequestLifecycle" name="test_preview_match_low_count_returns_suggestion" time="3.522" /><testcase classname="tests.test_backend.TestAuth" name="test_login_invalid" time="0.436" /><testcase classname="tests.test_backend.TestAuth" name="test_register_and_me" time="0.629" /><testcase classname="tests.test_backend.TestCookieAuth" name="test_login_sets_httponly_cookie" time="0.392" /><testcase classname="tests.test_backend.TestCookieAuth" name="test_logout_clears_cookie_and_me_401" time="0.659" /><testcase classname="tests.test_backend.TestCookieAuth" name="test_register_sets_cookie" time="0.466" /><testcase classname="tests.test_backend.TestRequestLifecycle" name="test_create_request_and_mine" time="1.298" /><testcase classname="tests.test_backend.TestCookieAuth" name="test_me_no_cookie_returns_401" time="0.098" /><testcase classname="tests.test_backend.TestAuthGuards" name="test_queue_requires_pharmacy" time="0.550" /><testcase classname="tests.test_backend.TestAuthGuards" name="test_create_request_requires_patient" time="0.496" /><testcase classname="tests.test_backend.TestAuthGuards" name="test_no_token" time="0.127" /><testcase classname="tests.test_backend.TestPostUpdateAndEarnings" name="test_full_flow_post_update_and_earnings" time="2.028" /><testcase classname="tests.test_backend.TestRequestLifecycle" name="test_queue_blind_view_hides_patient_identity" time="0.604" /><testcase classname="tests.test_backend.TestRequestLifecycle" name="test_queue_watchlist_only_filter" time="0.174" /><testcase classname="tests.test_backend.TestRequestLifecycle" name="test_queue_schedule_filter" time="0.123" /><testcase classname="tests.test_backend.TestRequestLifecycle" name="test_clarify_reject_refinement_and_accept_flow" time="4.419" /><testcase classname="tests.test_backend.TestPostUpdateAndEarnings" name="test_post_update_denied_if_not_owner" time="1.990" /><testcase classname="tests.test_backend.TestPostUpdateAndEarnings" name="test_earnings_requires_pharmacy" time="0.140" /><testcase classname="tests.test_backend.TestChat" name="test_chat_identifies_medication" time="2.053" /><testcase classname="tests.test_backend.TestAIClinicalValidation" name="test_valtrex_capsules_corrected_to_tablet" time="3.149" /><testcase classname="tests.test_backend.TestWatchlist" name="test_update_watchlist" time="0.316" /><testcase classname="tests.test_backend.TestAIClinicalValidation" name="test_create_request_auto_classifies_controlled_and_hides_from_patient" time="1.529" /><testcase classname="tests.test_backend.TestAIClinicalValidation" name="test_pharmacy_queue_sees_ai_classification" time="4.147" /></testsuite></testsuites>