<?xml version="1.0" encoding="utf-8"?><testsuites name="pytest tests"><testsuite name="pytest" errors="0" failures="0" skipped="0" tests="15" time="7.466" timestamp="2026-08-09T17:47:11.549516+00:00" hostname="agent-env-2067b3b4-4c14-4c36-8860-f2f155f02a5a"><testcase classname="tests.test_backend.TestAuth" name="test_login_demo_patient" time="0.677" /><testcase classname="tests.test_backend.TestRequestLifecycle" name="test_preview_match_low_count_returns_suggestion" time="2.894" /><testcase classname="tests.test_backend.TestAuth" name="test_login_demo_pharmacy" time="0.369" /><testcase classname="tests.test_backend.TestAuth" name="test_login_invalid" time="0.333" /><testcase classname="tests.test_backend.TestAuth" name="test_register_and_me" time="0.473" /><testcase classname="tests.test_backend.TestAuthGuards" name="test_queue_requires_pharmacy" time="0.485" /><testcase classname="tests.test_backend.TestAuthGuards" name="test_create_request_requires_patient" time="0.419" /><testcase classname="tests.test_backend.TestAuthGuards" name="test_no_token" time="0.111" /><testcase classname="tests.test_backend.TestChat" name="test_chat_identifies_medication" time="2.259" /><testcase classname="tests.test_backend.TestRequestLifecycle" name="test_create_request_and_mine" time="0.215" /><testcase classname="tests.test_backend.TestRequestLifecycle" name="test_queue_blind_view_hides_patient_identity" time="0.422" /><testcase classname="tests.test_backend.TestRequestLifecycle" name="test_queue_watchlist_only_filter" time="0.133" /><testcase classname="tests.test_backend.TestRequestLifecycle" name="test_queue_schedule_filter" time="0.101" /><testcase classname="tests.test_backend.TestRequestLifecycle" name="test_clarify_reject_refinement_and_accept_flow" time="3.096" /><testcase classname="tests.test_backend.TestWatchlist" name="test_update_watchlist" time="0.275" /></testsuite></testsuites>